# JRE version: Java(TM) SE Runtime Environment (11.0.6+8) (build 11.0.6+8-LTS)
# Java VM: Java HotSpot(TM) 64-Bit Server VM (11.0.6+8-LTS, mixed mode, tiered, compressed oops, g1 gc, windows-amd64)
Heap:
 garbage-first heap   total 312320K, used 118805K [0x0000000702a00000, 0x0000000800000000)
  region size 1024K, 102 young (104448K), 11 survivors (11264K)
 Metaspace       used 71132K, capacity 72873K, committed 72956K, reserved 1112064K
  class space    used 9039K, capacity 9742K, committed 9804K, reserved 1048576K
GC Heap History (10 events):
Event: 4.464 GC heap before
{Heap before GC invocations=6 (full 0):
 garbage-first heap   total 260096K, used 115471K [0x0000000702a00000, 0x0000000800000000)
  region size 1024K, 107 young (109568K), 4 survivors (4096K)
 Metaspace       used 26397K, capacity 27101K, committed 27312K, reserved 1073152K
  class space    used 2952K, capacity 3256K, committed 3328K, reserved 1048576K
}
Event: 4.473 GC heap after
{Heap after GC invocations=7 (full 0):
 garbage-first heap   total 260096K, used 12392K [0x0000000702a00000, 0x0000000800000000)
  region size 1024K, 6 young (6144K), 6 survivors (6144K)
 Metaspace       used 26397K, capacity 27101K, committed 27312K, reserved 1073152K
  class space    used 2952K, capacity 3256K, committed 3328K, reserved 1048576K
}
Event: 5.002 GC heap before
{Heap before GC invocations=7 (full 0):
 garbage-first heap   total 260096K, used 147560K [0x0000000702a00000, 0x0000000800000000)
  region size 1024K, 138 young (141312K), 6 survivors (6144K)
 Metaspace       used 27153K, capacity 27880K, committed 28208K, reserved 1075200K
  class space    used 3023K, capacity 3334K, committed 3456K, reserved 1048576K
}
Event: 5.013 GC heap after
{Heap after GC invocations=8 (full 0):
 garbage-first heap   total 312320K, used 13548K [0x0000000702a00000, 0x0000000800000000)
  region size 1024K, 7 young (7168K), 7 survivors (7168K)
 Metaspace       used 27153K, capacity 27880K, committed 28208K, reserved 1075200K
  class space    used 3023K, capacity 3334K, committed 3456K, reserved 1048576K
}
Event: 7.112 GC heap before
{Heap before GC invocations=8 (full 0):
 garbage-first heap   total 312320K, used 86252K [0x0000000702a00000, 0x0000000800000000)
  region size 1024K, 79 young (80896K), 7 survivors (7168K)
 Metaspace       used 34704K, capacity 35593K, committed 35708K, reserved 1081344K
  class space    used 4119K, capacity 4500K, committed 4556K, reserved 1048576K
}
Event: 7.126 GC heap after
{Heap after GC invocations=9 (full 0):
 garbage-first heap   total 312320K, used 16434K [0x0000000702a00000, 0x0000000800000000)
  region size 1024K, 10 young (10240K), 10 survivors (10240K)
 Metaspace       used 34704K, capacity 35593K, committed 35708K, reserved 1081344K
  class space    used 4119K, capacity 4500K, committed 4556K, reserved 1048576K
}
Event: 10.202 GC heap before
{Heap before GC invocations=10 (full 0):
 garbage-first heap   total 312320K, used 193586K [0x0000000702a00000, 0x0000000800000000)
  region size 1024K, 183 young (187392K), 10 survivors (10240K)
 Metaspace       used 56920K, capacity 58334K, committed 58620K, reserved 1099776K
  class space    used 7084K, capacity 7650K, committed 7756K, reserved 1048576K
}
Event: 10.229 GC heap after
{Heap after GC invocations=11 (full 0):
 garbage-first heap   total 312320K, used 25778K [0x0000000702a00000, 0x0000000800000000)
  region size 1024K, 19 young (19456K), 19 survivors (19456K)
 Metaspace       used 56920K, capacity 58334K, committed 58620K, reserved 1099776K
  class space    used 7084K, capacity 7650K, committed 7756K, reserved 1048576K
}
Event: 10.401 GC heap before
{Heap before GC invocations=11 (full 0):
 garbage-first heap   total 312320K, used 31922K [0x0000000702a00000, 0x0000000800000000)
  region size 1024K, 26 young (26624K), 19 survivors (19456K)
 Metaspace       used 58338K, capacity 59818K, committed 59940K, reserved 1101824K
  class space    used 7279K, capacity 7846K, committed 7884K, reserved 1048576K
}
Event: 10.429 GC heap after
{Heap after GC invocations=12 (full 0):
 garbage-first heap   total 312320K, used 26645K [0x0000000702a00000, 0x0000000800000000)
  region size 1024K, 11 young (11264K), 11 survivors (11264K)
 Metaspace       used 58338K, capacity 59818K, committed 59940K, reserved 1101824K
  class space    used 7279K, capacity 7846K, committed 7884K, reserved 1048576K
}

